== The Middleman is loading
== The Middleman is standing watch at http://0.0.0.0:4567
== Inspect your site configuration at http://0.0.0.0:4567/__middleman/
== The Middleman is shutting down
WARN: Unresolved specs during Gem::Specification.reset:
      uber (~> 0.0.4)
      thor (< 2.0, >= 0.15.2)
      activesupport (>= 3.1, ~> 4.1.0)
      i18n (>= 0.6.7, ~> 0.6, ~> 0.6.9)
      rb-fsevent (>= 0.9.3)
      rb-inotify (>= 0.9)
WARN: Clearing out unresolved specs.
Please report a bug if this causes problems.
NoMethodError: undefined method `link' for nil:NilClass
	/home/action/.gem/ruby/2.1.1/gems/middleman-blog-3.5.3/lib/middleman-blog/helpers.rb:76:in `tag_path'
	/home/action/workspace/becausebryce/source/index.html.erb:16:in `block (2 levels) in singleton class'
	/home/action/workspace/becausebryce/source/index.html.erb:15:in `each'
	/home/action/workspace/becausebryce/source/index.html.erb:15:in `block in singleton class'
	/home/action/workspace/becausebryce/source/index.html.erb:-6:in `instance_eval'
	/home/action/workspace/becausebryce/source/index.html.erb:-6:in `singleton class'
	/home/action/workspace/becausebryce/source/index.html.erb:-8:in `__tilt_70097958699160'
	/home/action/.gem/ruby/2.1.1/gems/tilt-1.4.1/lib/tilt/template.rb:170:in `call'
	/home/action/.gem/ruby/2.1.1/gems/tilt-1.4.1/lib/tilt/template.rb:170:in `evaluate'
	/home/action/.gem/ruby/2.1.1/gems/tilt-1.4.1/lib/tilt/template.rb:103:in `render'
	/home/action/.gem/ruby/2.1.1/gems/middleman-core-3.3.6/lib/middleman-core/core_extensions/rendering.rb:286:in `render_individual_file'
	/home/action/.gem/ruby/2.1.1/gems/middleman-core-3.3.6/lib/middleman-core/core_extensions/rendering.rb:155:in `render_template'
	/home/action/.gem/ruby/2.1.1/gems/middleman-core-3.3.6/lib/middleman-core/sitemap/resource.rb:127:in `block in render'
	/home/action/.gem/ruby/2.1.1/gems/activesupport-4.1.6/lib/active_support/notifications.rb:161:in `instrument'
	/home/action/.gem/ruby/2.1.1/gems/middleman-core-3.3.6/lib/middleman-core/util.rb:41:in `instrument'
	/home/action/.gem/ruby/2.1.1/gems/middleman-core-3.3.6/lib/middleman-core/application.rb:219:in `instrument'
	/home/action/.gem/ruby/2.1.1/gems/middleman-core-3.3.6/lib/middleman-core/sitemap/resource.rb:14:in `instrument'
	/home/action/.gem/ruby/2.1.1/gems/middleman-core-3.3.6/lib/middleman-core/sitemap/resource.rb:100:in `render'
	/home/action/.gem/ruby/2.1.1/gems/middleman-core-3.3.6/lib/middleman-core/core_extensions/request.rb:253:in `process_request'
	/home/action/.gem/ruby/2.1.1/gems/middleman-core-3.3.6/lib/middleman-core/core_extensions/request.rb:203:in `block in call!'
	/home/action/.gem/ruby/2.1.1/gems/middleman-core-3.3.6/lib/middleman-core/core_extensions/request.rb:202:in `catch'
	/home/action/.gem/ruby/2.1.1/gems/middleman-core-3.3.6/lib/middleman-core/core_extensions/request.rb:202:in `call!'
	/home/action/.gem/ruby/2.1.1/gems/middleman-core-3.3.6/lib/middleman-core/core_extensions/request.rb:188:in `call'
	/home/action/.gem/ruby/2.1.1/gems/rack-1.5.2/lib/rack/builder.rb:138:in `call'
	/home/action/.gem/ruby/2.1.1/gems/rack-1.5.2/lib/rack/urlmap.rb:65:in `block in call'
	/home/action/.gem/ruby/2.1.1/gems/rack-1.5.2/lib/rack/urlmap.rb:50:in `each'
	/home/action/.gem/ruby/2.1.1/gems/rack-1.5.2/lib/rack/urlmap.rb:50:in `call'
	/home/action/.gem/ruby/2.1.1/gems/middleman-autoprefixer-2.2.1/lib/middleman-autoprefixer/extension.rb:43:in `call'
	/home/action/.gem/ruby/2.1.1/gems/rack-1.5.2/lib/rack/showexceptions.rb:24:in `call'
	/home/action/.gem/ruby/2.1.1/gems/rack-1.5.2/lib/rack/head.rb:11:in `call'
	/home/action/.gem/ruby/2.1.1/gems/rack-1.5.2/lib/rack/lint.rb:49:in `_call'
	/home/action/.gem/ruby/2.1.1/gems/rack-1.5.2/lib/rack/lint.rb:37:in `call'
	/home/action/.gem/ruby/2.1.1/gems/rack-1.5.2/lib/rack/builder.rb:138:in `call'
	/home/action/.gem/ruby/2.1.1/gems/rack-1.5.2/lib/rack/handler/webrick.rb:60:in `service'
	/home/action/.parts/packages/ruby2.1/2.1.1/lib/ruby/2.1.0/webrick/httpserver.rb:138:in `service'
	/home/action/.parts/packages/ruby2.1/2.1.1/lib/ruby/2.1.0/webrick/httpserver.rb:94:in `run'
	/home/action/.parts/packages/ruby2.1/2.1.1/lib/ruby/2.1.0/webrick/server.rb:295:in `block in start_thread'
NoMethodError: undefined method `link' for nil:NilClass
	/home/action/.gem/ruby/2.1.1/gems/middleman-blog-3.5.3/lib/middleman-blog/helpers.rb:84:in `blog_year_path'
	/home/action/workspace/becausebryce/source/index.html.erb:23:in `block (2 levels) in singleton class'
	/home/action/workspace/becausebryce/source/index.html.erb:22:in `each'
	/home/action/workspace/becausebryce/source/index.html.erb:22:in `block in singleton class'
	/home/action/workspace/becausebryce/source/index.html.erb:-6:in `instance_eval'
	/home/action/workspace/becausebryce/source/index.html.erb:-6:in `singleton class'
	/home/action/workspace/becausebryce/source/index.html.erb:-8:in `__tilt_70097827175960'
	/home/action/.gem/ruby/2.1.1/gems/tilt-1.4.1/lib/tilt/template.rb:170:in `call'
	/home/action/.gem/ruby/2.1.1/gems/tilt-1.4.1/lib/tilt/template.rb:170:in `evaluate'
	/home/action/.gem/ruby/2.1.1/gems/tilt-1.4.1/lib/tilt/template.rb:103:in `render'
	/home/action/.gem/ruby/2.1.1/gems/middleman-core-3.3.6/lib/middleman-core/core_extensions/rendering.rb:286:in `render_individual_file'
	/home/action/.gem/ruby/2.1.1/gems/middleman-core-3.3.6/lib/middleman-core/core_extensions/rendering.rb:155:in `render_template'
	/home/action/.gem/ruby/2.1.1/gems/middleman-core-3.3.6/lib/middleman-core/sitemap/resource.rb:127:in `block in render'
	/home/action/.gem/ruby/2.1.1/gems/activesupport-4.1.6/lib/active_support/notifications.rb:161:in `instrument'
	/home/action/.gem/ruby/2.1.1/gems/middleman-core-3.3.6/lib/middleman-core/util.rb:41:in `instrument'
	/home/action/.gem/ruby/2.1.1/gems/middleman-core-3.3.6/lib/middleman-core/application.rb:219:in `instrument'
	/home/action/.gem/ruby/2.1.1/gems/middleman-core-3.3.6/lib/middleman-core/sitemap/resource.rb:14:in `instrument'
	/home/action/.gem/ruby/2.1.1/gems/middleman-core-3.3.6/lib/middleman-core/sitemap/resource.rb:100:in `render'
	/home/action/.gem/ruby/2.1.1/gems/middleman-core-3.3.6/lib/middleman-core/core_extensions/request.rb:253:in `process_request'
	/home/action/.gem/ruby/2.1.1/gems/middleman-core-3.3.6/lib/middleman-core/core_extensions/request.rb:203:in `block in call!'
	/home/action/.gem/ruby/2.1.1/gems/middleman-core-3.3.6/lib/middleman-core/core_extensions/request.rb:202:in `catch'
	/home/action/.gem/ruby/2.1.1/gems/middleman-core-3.3.6/lib/middleman-core/core_extensions/request.rb:202:in `call!'
	/home/action/.gem/ruby/2.1.1/gems/middleman-core-3.3.6/lib/middleman-core/core_extensions/request.rb:188:in `call'
	/home/action/.gem/ruby/2.1.1/gems/rack-1.5.2/lib/rack/builder.rb:138:in `call'
	/home/action/.gem/ruby/2.1.1/gems/rack-1.5.2/lib/rack/urlmap.rb:65:in `block in call'
	/home/action/.gem/ruby/2.1.1/gems/rack-1.5.2/lib/rack/urlmap.rb:50:in `each'
	/home/action/.gem/ruby/2.1.1/gems/rack-1.5.2/lib/rack/urlmap.rb:50:in `call'
	/home/action/.gem/ruby/2.1.1/gems/middleman-autoprefixer-2.2.1/lib/middleman-autoprefixer/extension.rb:43:in `call'
	/home/action/.gem/ruby/2.1.1/gems/rack-1.5.2/lib/rack/showexceptions.rb:24:in `call'
	/home/action/.gem/ruby/2.1.1/gems/rack-1.5.2/lib/rack/head.rb:11:in `call'
	/home/action/.gem/ruby/2.1.1/gems/rack-1.5.2/lib/rack/lint.rb:49:in `_call'
	/home/action/.gem/ruby/2.1.1/gems/rack-1.5.2/lib/rack/lint.rb:37:in `call'
	/home/action/.gem/ruby/2.1.1/gems/rack-1.5.2/lib/rack/builder.rb:138:in `call'
	/home/action/.gem/ruby/2.1.1/gems/rack-1.5.2/lib/rack/handler/webrick.rb:60:in `service'
	/home/action/.parts/packages/ruby2.1/2.1.1/lib/ruby/2.1.0/webrick/httpserver.rb:138:in `service'
	/home/action/.parts/packages/ruby2.1/2.1.1/lib/ruby/2.1.0/webrick/httpserver.rb:94:in `run'
	/home/action/.parts/packages/ruby2.1/2.1.1/lib/ruby/2.1.0/webrick/server.rb:295:in `block in start_thread'
NoMethodError: undefined method `link' for nil:NilClass
	/home/action/.gem/ruby/2.1.1/gems/middleman-blog-3.5.3/lib/middleman-blog/helpers.rb:84:in `blog_year_path'
	/home/action/workspace/becausebryce/source/index.html.erb:23:in `block (2 levels) in singleton class'
	/home/action/workspace/becausebryce/source/index.html.erb:22:in `each'
	/home/action/workspace/becausebryce/source/index.html.erb:22:in `block in singleton class'
	/home/action/workspace/becausebryce/source/index.html.erb:-6:in `instance_eval'
	/home/action/workspace/becausebryce/source/index.html.erb:-6:in `singleton class'
	/home/action/workspace/becausebryce/source/index.html.erb:-8:in `__tilt_70097827175960'
	/home/action/.gem/ruby/2.1.1/gems/tilt-1.4.1/lib/tilt/template.rb:170:in `call'
	/home/action/.gem/ruby/2.1.1/gems/tilt-1.4.1/lib/tilt/template.rb:170:in `evaluate'
	/home/action/.gem/ruby/2.1.1/gems/tilt-1.4.1/lib/tilt/template.rb:103:in `render'
	/home/action/.gem/ruby/2.1.1/gems/middleman-core-3.3.6/lib/middleman-core/core_extensions/rendering.rb:286:in `render_individual_file'
	/home/action/.gem/ruby/2.1.1/gems/middleman-core-3.3.6/lib/middleman-core/core_extensions/rendering.rb:155:in `render_template'
	/home/action/.gem/ruby/2.1.1/gems/middleman-core-3.3.6/lib/middleman-core/sitemap/resource.rb:127:in `block in render'
	/home/action/.gem/ruby/2.1.1/gems/activesupport-4.1.6/lib/active_support/notifications.rb:161:in `instrument'
	/home/action/.gem/ruby/2.1.1/gems/middleman-core-3.3.6/lib/middleman-core/util.rb:41:in `instrument'
	/home/action/.gem/ruby/2.1.1/gems/middleman-core-3.3.6/lib/middleman-core/application.rb:219:in `instrument'
	/home/action/.gem/ruby/2.1.1/gems/middleman-core-3.3.6/lib/middleman-core/sitemap/resource.rb:14:in `instrument'
	/home/action/.gem/ruby/2.1.1/gems/middleman-core-3.3.6/lib/middleman-core/sitemap/resource.rb:100:in `render'
	/home/action/.gem/ruby/2.1.1/gems/middleman-core-3.3.6/lib/middleman-core/core_extensions/request.rb:253:in `process_request'
	/home/action/.gem/ruby/2.1.1/gems/middleman-core-3.3.6/lib/middleman-core/core_extensions/request.rb:203:in `block in call!'
	/home/action/.gem/ruby/2.1.1/gems/middleman-core-3.3.6/lib/middleman-core/core_extensions/request.rb:202:in `catch'
	/home/action/.gem/ruby/2.1.1/gems/middleman-core-3.3.6/lib/middleman-core/core_extensions/request.rb:202:in `call!'
	/home/action/.gem/ruby/2.1.1/gems/middleman-core-3.3.6/lib/middleman-core/core_extensions/request.rb:188:in `call'
	/home/action/.gem/ruby/2.1.1/gems/rack-1.5.2/lib/rack/builder.rb:138:in `call'
	/home/action/.gem/ruby/2.1.1/gems/rack-1.5.2/lib/rack/urlmap.rb:65:in `block in call'
	/home/action/.gem/ruby/2.1.1/gems/rack-1.5.2/lib/rack/urlmap.rb:50:in `each'
	/home/action/.gem/ruby/2.1.1/gems/rack-1.5.2/lib/rack/urlmap.rb:50:in `call'
	/home/action/.gem/ruby/2.1.1/gems/middleman-autoprefixer-2.2.1/lib/middleman-autoprefixer/extension.rb:43:in `call'
	/home/action/.gem/ruby/2.1.1/gems/rack-1.5.2/lib/rack/showexceptions.rb:24:in `call'
	/home/action/.gem/ruby/2.1.1/gems/rack-1.5.2/lib/rack/head.rb:11:in `call'
	/home/action/.gem/ruby/2.1.1/gems/rack-1.5.2/lib/rack/lint.rb:49:in `_call'
	/home/action/.gem/ruby/2.1.1/gems/rack-1.5.2/lib/rack/lint.rb:37:in `call'
	/home/action/.gem/ruby/2.1.1/gems/rack-1.5.2/lib/rack/builder.rb:138:in `call'
	/home/action/.gem/ruby/2.1.1/gems/rack-1.5.2/lib/rack/handler/webrick.rb:60:in `service'
	/home/action/.parts/packages/ruby2.1/2.1.1/lib/ruby/2.1.0/webrick/httpserver.rb:138:in `service'
	/home/action/.parts/packages/ruby2.1/2.1.1/lib/ruby/2.1.0/webrick/httpserver.rb:94:in `run'
	/home/action/.parts/packages/ruby2.1/2.1.1/lib/ruby/2.1.0/webrick/server.rb:295:in `block in start_thread'
NoMethodError: undefined method `link' for nil:NilClass
	/home/action/.gem/ruby/2.1.1/gems/middleman-blog-3.5.3/lib/middleman-blog/helpers.rb:76:in `tag_path'
	/home/action/workspace/becausebryce/source/index.html.erb:16:in `block (2 levels) in singleton class'
	/home/action/workspace/becausebryce/source/index.html.erb:15:in `each'
	/home/action/workspace/becausebryce/source/index.html.erb:15:in `block in singleton class'
	/home/action/workspace/becausebryce/source/index.html.erb:-6:in `instance_eval'
	/home/action/workspace/becausebryce/source/index.html.erb:-6:in `singleton class'
	/home/action/workspace/becausebryce/source/index.html.erb:-8:in `__tilt_70097827175960'
	/home/action/.gem/ruby/2.1.1/gems/tilt-1.4.1/lib/tilt/template.rb:170:in `call'
	/home/action/.gem/ruby/2.1.1/gems/tilt-1.4.1/lib/tilt/template.rb:170:in `evaluate'
	/home/action/.gem/ruby/2.1.1/gems/tilt-1.4.1/lib/tilt/template.rb:103:in `render'
	/home/action/.gem/ruby/2.1.1/gems/middleman-core-3.3.6/lib/middleman-core/core_extensions/rendering.rb:286:in `render_individual_file'
	/home/action/.gem/ruby/2.1.1/gems/middleman-core-3.3.6/lib/middleman-core/core_extensions/rendering.rb:155:in `render_template'
	/home/action/.gem/ruby/2.1.1/gems/middleman-core-3.3.6/lib/middleman-core/sitemap/resource.rb:127:in `block in render'
	/home/action/.gem/ruby/2.1.1/gems/activesupport-4.1.6/lib/active_support/notifications.rb:161:in `instrument'
	/home/action/.gem/ruby/2.1.1/gems/middleman-core-3.3.6/lib/middleman-core/util.rb:41:in `instrument'
	/home/action/.gem/ruby/2.1.1/gems/middleman-core-3.3.6/lib/middleman-core/application.rb:219:in `instrument'
	/home/action/.gem/ruby/2.1.1/gems/middleman-core-3.3.6/lib/middleman-core/sitemap/resource.rb:14:in `instrument'
	/home/action/.gem/ruby/2.1.1/gems/middleman-core-3.3.6/lib/middleman-core/sitemap/resource.rb:100:in `render'
	/home/action/.gem/ruby/2.1.1/gems/middleman-core-3.3.6/lib/middleman-core/core_extensions/request.rb:253:in `process_request'
	/home/action/.gem/ruby/2.1.1/gems/middleman-core-3.3.6/lib/middleman-core/core_extensions/request.rb:203:in `block in call!'
	/home/action/.gem/ruby/2.1.1/gems/middleman-core-3.3.6/lib/middleman-core/core_extensions/request.rb:202:in `catch'
	/home/action/.gem/ruby/2.1.1/gems/middleman-core-3.3.6/lib/middleman-core/core_extensions/request.rb:202:in `call!'
	/home/action/.gem/ruby/2.1.1/gems/middleman-core-3.3.6/lib/middleman-core/core_extensions/request.rb:188:in `call'
	/home/action/.gem/ruby/2.1.1/gems/rack-1.5.2/lib/rack/builder.rb:138:in `call'
	/home/action/.gem/ruby/2.1.1/gems/rack-1.5.2/lib/rack/urlmap.rb:65:in `block in call'
	/home/action/.gem/ruby/2.1.1/gems/rack-1.5.2/lib/rack/urlmap.rb:50:in `each'
	/home/action/.gem/ruby/2.1.1/gems/rack-1.5.2/lib/rack/urlmap.rb:50:in `call'
	/home/action/.gem/ruby/2.1.1/gems/middleman-autoprefixer-2.2.1/lib/middleman-autoprefixer/extension.rb:43:in `call'
	/home/action/.gem/ruby/2.1.1/gems/rack-1.5.2/lib/rack/showexceptions.rb:24:in `call'
	/home/action/.gem/ruby/2.1.1/gems/rack-1.5.2/lib/rack/head.rb:11:in `call'
	/home/action/.gem/ruby/2.1.1/gems/rack-1.5.2/lib/rack/lint.rb:49:in `_call'
	/home/action/.gem/ruby/2.1.1/gems/rack-1.5.2/lib/rack/lint.rb:37:in `call'
	/home/action/.gem/ruby/2.1.1/gems/rack-1.5.2/lib/rack/builder.rb:138:in `call'
	/home/action/.gem/ruby/2.1.1/gems/rack-1.5.2/lib/rack/handler/webrick.rb:60:in `service'
	/home/action/.parts/packages/ruby2.1/2.1.1/lib/ruby/2.1.0/webrick/httpserver.rb:138:in `service'
	/home/action/.parts/packages/ruby2.1/2.1.1/lib/ruby/2.1.0/webrick/httpserver.rb:94:in `run'
	/home/action/.parts/packages/ruby2.1/2.1.1/lib/ruby/2.1.0/webrick/server.rb:295:in `block in start_thread'
NoMethodError: undefined method `link' for nil:NilClass
	/home/action/.gem/ruby/2.1.1/gems/middleman-blog-3.5.3/lib/middleman-blog/helpers.rb:76:in `tag_path'
	/home/action/workspace/becausebryce/source/index.html.erb:18:in `block (2 levels) in singleton class'
	/home/action/workspace/becausebryce/source/index.html.erb:15:in `each'
	/home/action/workspace/becausebryce/source/index.html.erb:15:in `block in singleton class'
	/home/action/workspace/becausebryce/source/index.html.erb:-6:in `instance_eval'
	/home/action/workspace/becausebryce/source/index.html.erb:-6:in `singleton class'
	/home/action/workspace/becausebryce/source/index.html.erb:-8:in `__tilt_70097978993100'
	/home/action/.gem/ruby/2.1.1/gems/tilt-1.4.1/lib/tilt/template.rb:170:in `call'
	/home/action/.gem/ruby/2.1.1/gems/tilt-1.4.1/lib/tilt/template.rb:170:in `evaluate'
	/home/action/.gem/ruby/2.1.1/gems/tilt-1.4.1/lib/tilt/template.rb:103:in `render'
	/home/action/.gem/ruby/2.1.1/gems/middleman-core-3.3.6/lib/middleman-core/core_extensions/rendering.rb:286:in `render_individual_file'
	/home/action/.gem/ruby/2.1.1/gems/middleman-core-3.3.6/lib/middleman-core/core_extensions/rendering.rb:155:in `render_template'
	/home/action/.gem/ruby/2.1.1/gems/middleman-core-3.3.6/lib/middleman-core/sitemap/resource.rb:127:in `block in render'
	/home/action/.gem/ruby/2.1.1/gems/activesupport-4.1.6/lib/active_support/notifications.rb:161:in `instrument'
	/home/action/.gem/ruby/2.1.1/gems/middleman-core-3.3.6/lib/middleman-core/util.rb:41:in `instrument'
	/home/action/.gem/ruby/2.1.1/gems/middleman-core-3.3.6/lib/middleman-core/application.rb:219:in `instrument'
	/home/action/.gem/ruby/2.1.1/gems/middleman-core-3.3.6/lib/middleman-core/sitemap/resource.rb:14:in `instrument'
	/home/action/.gem/ruby/2.1.1/gems/middleman-core-3.3.6/lib/middleman-core/sitemap/resource.rb:100:in `render'
	/home/action/.gem/ruby/2.1.1/gems/middleman-core-3.3.6/lib/middleman-core/core_extensions/request.rb:253:in `process_request'
	/home/action/.gem/ruby/2.1.1/gems/middleman-core-3.3.6/lib/middleman-core/core_extensions/request.rb:203:in `block in call!'
	/home/action/.gem/ruby/2.1.1/gems/middleman-core-3.3.6/lib/middleman-core/core_extensions/request.rb:202:in `catch'
	/home/action/.gem/ruby/2.1.1/gems/middleman-core-3.3.6/lib/middleman-core/core_extensions/request.rb:202:in `call!'
	/home/action/.gem/ruby/2.1.1/gems/middleman-core-3.3.6/lib/middleman-core/core_extensions/request.rb:188:in `call'
	/home/action/.gem/ruby/2.1.1/gems/rack-1.5.2/lib/rack/builder.rb:138:in `call'
	/home/action/.gem/ruby/2.1.1/gems/rack-1.5.2/lib/rack/urlmap.rb:65:in `block in call'
	/home/action/.gem/ruby/2.1.1/gems/rack-1.5.2/lib/rack/urlmap.rb:50:in `each'
	/home/action/.gem/ruby/2.1.1/gems/rack-1.5.2/lib/rack/urlmap.rb:50:in `call'
	/home/action/.gem/ruby/2.1.1/gems/middleman-autoprefixer-2.2.1/lib/middleman-autoprefixer/extension.rb:43:in `call'
	/home/action/.gem/ruby/2.1.1/gems/rack-1.5.2/lib/rack/showexceptions.rb:24:in `call'
	/home/action/.gem/ruby/2.1.1/gems/rack-1.5.2/lib/rack/head.rb:11:in `call'
	/home/action/.gem/ruby/2.1.1/gems/rack-1.5.2/lib/rack/lint.rb:49:in `_call'
	/home/action/.gem/ruby/2.1.1/gems/rack-1.5.2/lib/rack/lint.rb:37:in `call'
	/home/action/.gem/ruby/2.1.1/gems/rack-1.5.2/lib/rack/builder.rb:138:in `call'
	/home/action/.gem/ruby/2.1.1/gems/rack-1.5.2/lib/rack/handler/webrick.rb:60:in `service'
	/home/action/.parts/packages/ruby2.1/2.1.1/lib/ruby/2.1.0/webrick/httpserver.rb:138:in `service'
	/home/action/.parts/packages/ruby2.1/2.1.1/lib/ruby/2.1.0/webrick/httpserver.rb:94:in `run'
	/home/action/.parts/packages/ruby2.1/2.1.1/lib/ruby/2.1.0/webrick/server.rb:295:in `block in start_thread'
NoMethodError: undefined method `debug' for #<Middleman::Application:0x70097356127500>
	/home/action/.gem/ruby/2.1.1/gems/middleman-core-3.3.6/lib/middleman-core/configuration.rb:78:in `method_missing'
	/home/action/workspace/becausebryce/source/index.html.erb:18:in `block (2 levels) in singleton class'
	/home/action/workspace/becausebryce/source/index.html.erb:15:in `each'
	/home/action/workspace/becausebryce/source/index.html.erb:15:in `block in singleton class'
	/home/action/workspace/becausebryce/source/index.html.erb:-6:in `instance_eval'
	/home/action/workspace/becausebryce/source/index.html.erb:-6:in `singleton class'
	/home/action/workspace/becausebryce/source/index.html.erb:-8:in `__tilt_70097828215640'
	/home/action/.gem/ruby/2.1.1/gems/tilt-1.4.1/lib/tilt/template.rb:170:in `call'
	/home/action/.gem/ruby/2.1.1/gems/tilt-1.4.1/lib/tilt/template.rb:170:in `evaluate'
	/home/action/.gem/ruby/2.1.1/gems/tilt-1.4.1/lib/tilt/template.rb:103:in `render'
	/home/action/.gem/ruby/2.1.1/gems/middleman-core-3.3.6/lib/middleman-core/core_extensions/rendering.rb:286:in `render_individual_file'
	/home/action/.gem/ruby/2.1.1/gems/middleman-core-3.3.6/lib/middleman-core/core_extensions/rendering.rb:155:in `render_template'
	/home/action/.gem/ruby/2.1.1/gems/middleman-core-3.3.6/lib/middleman-core/sitemap/resource.rb:127:in `block in render'
	/home/action/.gem/ruby/2.1.1/gems/activesupport-4.1.6/lib/active_support/notifications.rb:161:in `instrument'
	/home/action/.gem/ruby/2.1.1/gems/middleman-core-3.3.6/lib/middleman-core/util.rb:41:in `instrument'
	/home/action/.gem/ruby/2.1.1/gems/middleman-core-3.3.6/lib/middleman-core/application.rb:219:in `instrument'
	/home/action/.gem/ruby/2.1.1/gems/middleman-core-3.3.6/lib/middleman-core/sitemap/resource.rb:14:in `instrument'
	/home/action/.gem/ruby/2.1.1/gems/middleman-core-3.3.6/lib/middleman-core/sitemap/resource.rb:100:in `render'
	/home/action/.gem/ruby/2.1.1/gems/middleman-core-3.3.6/lib/middleman-core/core_extensions/request.rb:253:in `process_request'
	/home/action/.gem/ruby/2.1.1/gems/middleman-core-3.3.6/lib/middleman-core/core_extensions/request.rb:203:in `block in call!'
	/home/action/.gem/ruby/2.1.1/gems/middleman-core-3.3.6/lib/middleman-core/core_extensions/request.rb:202:in `catch'
	/home/action/.gem/ruby/2.1.1/gems/middleman-core-3.3.6/lib/middleman-core/core_extensions/request.rb:202:in `call!'
	/home/action/.gem/ruby/2.1.1/gems/middleman-core-3.3.6/lib/middleman-core/core_extensions/request.rb:188:in `call'
	/home/action/.gem/ruby/2.1.1/gems/rack-1.5.2/lib/rack/builder.rb:138:in `call'
	/home/action/.gem/ruby/2.1.1/gems/rack-1.5.2/lib/rack/urlmap.rb:65:in `block in call'
	/home/action/.gem/ruby/2.1.1/gems/rack-1.5.2/lib/rack/urlmap.rb:50:in `each'
	/home/action/.gem/ruby/2.1.1/gems/rack-1.5.2/lib/rack/urlmap.rb:50:in `call'
	/home/action/.gem/ruby/2.1.1/gems/middleman-autoprefixer-2.2.1/lib/middleman-autoprefixer/extension.rb:43:in `call'
	/home/action/.gem/ruby/2.1.1/gems/rack-1.5.2/lib/rack/showexceptions.rb:24:in `call'
	/home/action/.gem/ruby/2.1.1/gems/rack-1.5.2/lib/rack/head.rb:11:in `call'
	/home/action/.gem/ruby/2.1.1/gems/rack-1.5.2/lib/rack/lint.rb:49:in `_call'
	/home/action/.gem/ruby/2.1.1/gems/rack-1.5.2/lib/rack/lint.rb:37:in `call'
	/home/action/.gem/ruby/2.1.1/gems/rack-1.5.2/lib/rack/builder.rb:138:in `call'
	/home/action/.gem/ruby/2.1.1/gems/rack-1.5.2/lib/rack/handler/webrick.rb:60:in `service'
	/home/action/.parts/packages/ruby2.1/2.1.1/lib/ruby/2.1.0/webrick/httpserver.rb:138:in `service'
	/home/action/.parts/packages/ruby2.1/2.1.1/lib/ruby/2.1.0/webrick/httpserver.rb:94:in `run'
	/home/action/.parts/packages/ruby2.1/2.1.1/lib/ruby/2.1.0/webrick/server.rb:295:in `block in start_thread'
NoMethodError: undefined method `link' for nil:NilClass
	/home/action/.gem/ruby/2.1.1/gems/middleman-blog-3.5.3/lib/middleman-blog/helpers.rb:76:in `tag_path'
	/home/action/workspace/becausebryce/source/index.html.erb:17:in `block (2 levels) in singleton class'
	/home/action/workspace/becausebryce/source/index.html.erb:15:in `each'
	/home/action/workspace/becausebryce/source/index.html.erb:15:in `block in singleton class'
	/home/action/workspace/becausebryce/source/index.html.erb:-6:in `instance_eval'
	/home/action/workspace/becausebryce/source/index.html.erb:-6:in `singleton class'
	/home/action/workspace/becausebryce/source/index.html.erb:-8:in `__tilt_70097979199360'
	/home/action/.gem/ruby/2.1.1/gems/tilt-1.4.1/lib/tilt/template.rb:170:in `call'
	/home/action/.gem/ruby/2.1.1/gems/tilt-1.4.1/lib/tilt/template.rb:170:in `evaluate'
	/home/action/.gem/ruby/2.1.1/gems/tilt-1.4.1/lib/tilt/template.rb:103:in `render'
	/home/action/.gem/ruby/2.1.1/gems/middleman-core-3.3.6/lib/middleman-core/core_extensions/rendering.rb:286:in `render_individual_file'
	/home/action/.gem/ruby/2.1.1/gems/middleman-core-3.3.6/lib/middleman-core/core_extensions/rendering.rb:155:in `render_template'
	/home/action/.gem/ruby/2.1.1/gems/middleman-core-3.3.6/lib/middleman-core/sitemap/resource.rb:127:in `block in render'
	/home/action/.gem/ruby/2.1.1/gems/activesupport-4.1.6/lib/active_support/notifications.rb:161:in `instrument'
	/home/action/.gem/ruby/2.1.1/gems/middleman-core-3.3.6/lib/middleman-core/util.rb:41:in `instrument'
	/home/action/.gem/ruby/2.1.1/gems/middleman-core-3.3.6/lib/middleman-core/application.rb:219:in `instrument'
	/home/action/.gem/ruby/2.1.1/gems/middleman-core-3.3.6/lib/middleman-core/sitemap/resource.rb:14:in `instrument'
	/home/action/.gem/ruby/2.1.1/gems/middleman-core-3.3.6/lib/middleman-core/sitemap/resource.rb:100:in `render'
	/home/action/.gem/ruby/2.1.1/gems/middleman-core-3.3.6/lib/middleman-core/core_extensions/request.rb:253:in `process_request'
	/home/action/.gem/ruby/2.1.1/gems/middleman-core-3.3.6/lib/middleman-core/core_extensions/request.rb:203:in `block in call!'
	/home/action/.gem/ruby/2.1.1/gems/middleman-core-3.3.6/lib/middleman-core/core_extensions/request.rb:202:in `catch'
	/home/action/.gem/ruby/2.1.1/gems/middleman-core-3.3.6/lib/middleman-core/core_extensions/request.rb:202:in `call!'
	/home/action/.gem/ruby/2.1.1/gems/middleman-core-3.3.6/lib/middleman-core/core_extensions/request.rb:188:in `call'
	/home/action/.gem/ruby/2.1.1/gems/rack-1.5.2/lib/rack/builder.rb:138:in `call'
	/home/action/.gem/ruby/2.1.1/gems/rack-1.5.2/lib/rack/urlmap.rb:65:in `block in call'
	/home/action/.gem/ruby/2.1.1/gems/rack-1.5.2/lib/rack/urlmap.rb:50:in `each'
	/home/action/.gem/ruby/2.1.1/gems/rack-1.5.2/lib/rack/urlmap.rb:50:in `call'
	/home/action/.gem/ruby/2.1.1/gems/middleman-autoprefixer-2.2.1/lib/middleman-autoprefixer/extension.rb:43:in `call'
	/home/action/.gem/ruby/2.1.1/gems/rack-1.5.2/lib/rack/showexceptions.rb:24:in `call'
	/home/action/.gem/ruby/2.1.1/gems/rack-1.5.2/lib/rack/head.rb:11:in `call'
	/home/action/.gem/ruby/2.1.1/gems/rack-1.5.2/lib/rack/lint.rb:49:in `_call'
	/home/action/.gem/ruby/2.1.1/gems/rack-1.5.2/lib/rack/lint.rb:37:in `call'
	/home/action/.gem/ruby/2.1.1/gems/rack-1.5.2/lib/rack/builder.rb:138:in `call'
	/home/action/.gem/ruby/2.1.1/gems/rack-1.5.2/lib/rack/handler/webrick.rb:60:in `service'
	/home/action/.parts/packages/ruby2.1/2.1.1/lib/ruby/2.1.0/webrick/httpserver.rb:138:in `service'
	/home/action/.parts/packages/ruby2.1/2.1.1/lib/ruby/2.1.0/webrick/httpserver.rb:94:in `run'
	/home/action/.parts/packages/ruby2.1/2.1.1/lib/ruby/2.1.0/webrick/server.rb:295:in `block in start_thread'
NoMethodError: undefined method `link' for nil:NilClass
	/home/action/.gem/ruby/2.1.1/gems/middleman-blog-3.5.3/lib/middleman-blog/helpers.rb:76:in `tag_path'
	/home/action/workspace/becausebryce/source/index.html.erb:17:in `block (2 levels) in singleton class'
	/home/action/workspace/becausebryce/source/index.html.erb:15:in `each'
	/home/action/workspace/becausebryce/source/index.html.erb:15:in `block in singleton class'
	/home/action/workspace/becausebryce/source/index.html.erb:-6:in `instance_eval'
	/home/action/workspace/becausebryce/source/index.html.erb:-6:in `singleton class'
	/home/action/workspace/becausebryce/source/index.html.erb:-8:in `__tilt_70097979199360'
	/home/action/.gem/ruby/2.1.1/gems/tilt-1.4.1/lib/tilt/template.rb:170:in `call'
	/home/action/.gem/ruby/2.1.1/gems/tilt-1.4.1/lib/tilt/template.rb:170:in `evaluate'
	/home/action/.gem/ruby/2.1.1/gems/tilt-1.4.1/lib/tilt/template.rb:103:in `render'
	/home/action/.gem/ruby/2.1.1/gems/middleman-core-3.3.6/lib/middleman-core/core_extensions/rendering.rb:286:in `render_individual_file'
	/home/action/.gem/ruby/2.1.1/gems/middleman-core-3.3.6/lib/middleman-core/core_extensions/rendering.rb:155:in `render_template'
	/home/action/.gem/ruby/2.1.1/gems/middleman-core-3.3.6/lib/middleman-core/sitemap/resource.rb:127:in `block in render'
	/home/action/.gem/ruby/2.1.1/gems/activesupport-4.1.6/lib/active_support/notifications.rb:161:in `instrument'
	/home/action/.gem/ruby/2.1.1/gems/middleman-core-3.3.6/lib/middleman-core/util.rb:41:in `instrument'
	/home/action/.gem/ruby/2.1.1/gems/middleman-core-3.3.6/lib/middleman-core/application.rb:219:in `instrument'
	/home/action/.gem/ruby/2.1.1/gems/middleman-core-3.3.6/lib/middleman-core/sitemap/resource.rb:14:in `instrument'
	/home/action/.gem/ruby/2.1.1/gems/middleman-core-3.3.6/lib/middleman-core/sitemap/resource.rb:100:in `render'
	/home/action/.gem/ruby/2.1.1/gems/middleman-core-3.3.6/lib/middleman-core/core_extensions/request.rb:253:in `process_request'
	/home/action/.gem/ruby/2.1.1/gems/middleman-core-3.3.6/lib/middleman-core/core_extensions/request.rb:203:in `block in call!'
	/home/action/.gem/ruby/2.1.1/gems/middleman-core-3.3.6/lib/middleman-core/core_extensions/request.rb:202:in `catch'
	/home/action/.gem/ruby/2.1.1/gems/middleman-core-3.3.6/lib/middleman-core/core_extensions/request.rb:202:in `call!'
	/home/action/.gem/ruby/2.1.1/gems/middleman-core-3.3.6/lib/middleman-core/core_extensions/request.rb:188:in `call'
	/home/action/.gem/ruby/2.1.1/gems/rack-1.5.2/lib/rack/builder.rb:138:in `call'
	/home/action/.gem/ruby/2.1.1/gems/rack-1.5.2/lib/rack/urlmap.rb:65:in `block in call'
	/home/action/.gem/ruby/2.1.1/gems/rack-1.5.2/lib/rack/urlmap.rb:50:in `each'
	/home/action/.gem/ruby/2.1.1/gems/rack-1.5.2/lib/rack/urlmap.rb:50:in `call'
	/home/action/.gem/ruby/2.1.1/gems/middleman-autoprefixer-2.2.1/lib/middleman-autoprefixer/extension.rb:43:in `call'
	/home/action/.gem/ruby/2.1.1/gems/rack-1.5.2/lib/rack/showexceptions.rb:24:in `call'
	/home/action/.gem/ruby/2.1.1/gems/rack-1.5.2/lib/rack/head.rb:11:in `call'
	/home/action/.gem/ruby/2.1.1/gems/rack-1.5.2/lib/rack/lint.rb:49:in `_call'
	/home/action/.gem/ruby/2.1.1/gems/rack-1.5.2/lib/rack/lint.rb:37:in `call'
	/home/action/.gem/ruby/2.1.1/gems/rack-1.5.2/lib/rack/builder.rb:138:in `call'
	/home/action/.gem/ruby/2.1.1/gems/rack-1.5.2/lib/rack/handler/webrick.rb:60:in `service'
	/home/action/.parts/packages/ruby2.1/2.1.1/lib/ruby/2.1.0/webrick/httpserver.rb:138:in `service'
	/home/action/.parts/packages/ruby2.1/2.1.1/lib/ruby/2.1.0/webrick/httpserver.rb:94:in `run'
	/home/action/.parts/packages/ruby2.1/2.1.1/lib/ruby/2.1.0/webrick/server.rb:295:in `block in start_thread'
WARN: Unresolved specs during Gem::Specification.reset:
      uber (~> 0.0.4)
      thor (< 2.0, >= 0.15.2)
      activesupport (>= 3.1, ~> 4.1.0)
      i18n (>= 0.6.7, ~> 0.6, ~> 0.6.9)
      rb-fsevent (>= 0.9.3)
      rb-inotify (>= 0.9)
WARN: Clearing out unresolved specs.
Please report a bug if this causes problems.
